<?xml version="1.0" encoding="UTF-8"?>
<!-- Generated by org.testng.reporters.JUnitReportReporter -->
<testsuite hostname="DESKTOP-ODEU6S9" failures="0" tests="3" name="tests.UserRegistrationTest" time="0.000" errors="0" timestamp="02 Aug 2024 11:46:12 GMT" skipped="3">
  <testcase classname="tests.UserRegistrationTest" name="RegisteredUserCanLogin" time="0.000">
    <skipped/>
  </testcase> <!-- RegisteredUserCanLogin -->
  <testcase classname="tests.UserRegistrationTest" name="RegisteredUserCanLogout" time="0.000">
    <skipped/>
  </testcase> <!-- RegisteredUserCanLogout -->
  <testcase classname="tests.UserRegistrationTest" name="UserCanRegisterSuccssfully" time="0.000">
    <skipped/>
  </testcase> <!-- UserCanRegisterSuccssfully -->
</testsuite> <!-- tests.UserRegistrationTest -->
