<?xml version="1.0" encoding="UTF-8"?>
<!-- Generated by org.testng.reporters.JUnitReportReporter -->
<testsuite hostname="DESKTOP-ODEU6S9" failures="0" tests="1" name="tests.UserRegistrationTestWithDDTAndCSV" time="0.000" errors="0" timestamp="02 Aug 2024 11:46:12 GMT" skipped="1">
  <testcase classname="tests.UserRegistrationTestWithDDTAndCSV" name="UserCanRegisterSuccssfully" time="0.000">
    <skipped/>
  </testcase> <!-- UserCanRegisterSuccssfully -->
</testsuite> <!-- tests.UserRegistrationTestWithDDTAndCSV -->
